<?xml version="1.0" encoding="UTF-8"?>
<!-- Generated by org.testng.reporters.JUnitReportReporter -->
<testsuite hostname="LAPTOP-MCA9HBLG" name="DriverFactory.DriverScript" tests="1" failures="0" timestamp="14 Apr 2022 12:02:45 GMT" time="53.280" errors="0">
  <testcase name="startTest" time="53.280" classname="DriverFactory.DriverScript"/>
</testsuite> <!-- DriverFactory.DriverScript -->
